<?xml version="1.0" encoding="UTF-8"?>
<!-- Generated by org.testng.reporters.JUnitReportReporter -->
<testsuite hostname="Muzhapaers-MBP.fios-router.home" failures="0" tests="1" name="com.selenium.testscripts.SmokeTests" time="9.031" errors="0" timestamp="2022-03-19T17:15:56 EDT" skipped="0">
  <testcase classname="com.selenium.testscripts.SmokeTests" name="testOne" time="9.031"/>
  <system-out/>
</testsuite> <!-- com.selenium.testscripts.SmokeTests -->
